[0.372s] Invoking command in '/home/hieu/Documents/106AProject_Drone/build/usb_cam': CMAKE_PREFIX_PATH=${CMAKE_PREFIX_PATH}:/home/hieu/Documents/106AProject_Drone/install/ros2_aruco:/home/hieu/Documents/106AProject_Drone/install/my_aruco_detector:/opt/ros/humble /usr/bin/cmake --build /home/hieu/Documents/106AProject_Drone/build/usb_cam -- -j12 -l12
[0.410s] [35m[1mConsolidate compiler generated dependencies of target gtest[0m
[0.410s] [35m[1mConsolidate compiler generated dependencies of target usb_cam[0m
[0.410s] [35m[1mConsolidate compiler generated dependencies of target usb_cam_node_exe[0m
[0.411s] [35m[1mConsolidate compiler generated dependencies of target gtest_main[0m
[0.427s] [ 14%] Built target gtest
[0.427s] [ 28%] Built target usb_cam
[0.427s] [ 42%] Built target gtest_main
[0.435s] [ 57%] Built target usb_cam_node_exe
[0.450s] [ 64%] [32mBuilding CXX object CMakeFiles/test_usb_cam_utils.dir/test/test_usb_cam_utils.cpp.o[0m
[0.451s] [ 71%] [32mBuilding CXX object CMakeFiles/usb_cam_node.dir/src/usb_cam_node.cpp.o[0m
[0.457s] [ 78%] [32mBuilding CXX object CMakeFiles/test_pixel_formats.dir/test/test_pixel_formats.cpp.o[0m
[0.577s] In file included from [01m[K/home/hieu/Documents/106AProject_Drone/ros2_aruco_ws/src/usb_cam/src/usb_cam_node.cpp:34[m[K:
[0.577s] [01m[K/home/hieu/Documents/106AProject_Drone/ros2_aruco_ws/src/usb_cam/include/usb_cam/usb_cam_node.hpp:38:10:[m[K [01;31m[Kfatal error: [m[Kcamera_info_manager/camera_info_manager.hpp: No such file or directory
[0.577s]    38 | #include [01;31m[K"camera_info_manager/camera_info_manager.hpp"[m[K
[0.577s]       |          [01;31m[K^~~~~~~~~~~~~~~~~~~~~~~~~~~~~~~~~~~~~~~~~~~~~[m[K
[0.577s] compilation terminated.
[0.579s] gmake[2]: *** [CMakeFiles/usb_cam_node.dir/build.make:76: CMakeFiles/usb_cam_node.dir/src/usb_cam_node.cpp.o] Error 1
[0.579s] gmake[1]: *** [CMakeFiles/Makefile2:189: CMakeFiles/usb_cam_node.dir/all] Error 2
[0.579s] gmake[1]: *** Waiting for unfinished jobs....
[1.402s] [ 85%] [32m[1mLinking CXX executable test_usb_cam_utils[0m
[1.570s] [ 85%] Built target test_usb_cam_utils
[1.613s] [ 92%] [32m[1mLinking CXX executable test_pixel_formats[0m
[1.773s] [ 92%] Built target test_pixel_formats
[1.774s] gmake: *** [Makefile:146: all] Error 2
[1.776s] Invoked command in '/home/hieu/Documents/106AProject_Drone/build/usb_cam' returned '2': CMAKE_PREFIX_PATH=${CMAKE_PREFIX_PATH}:/home/hieu/Documents/106AProject_Drone/install/ros2_aruco:/home/hieu/Documents/106AProject_Drone/install/my_aruco_detector:/opt/ros/humble /usr/bin/cmake --build /home/hieu/Documents/106AProject_Drone/build/usb_cam -- -j12 -l12
